79692.2544	WAITING...
79702.7432	START_LOOP
79702.7447	COASTER
79704.7668	JITTER
79707.2844	ITI
79708.7438	*** TTL ***
79708.7454	COASTER
79710.7663	JITTER
79710.784	ITI
79711.7434	*** TTL ***
79711.7453	COASTER
79713.7664	JITTER
79717.7845	ITI
79719.2438	*** TTL ***
79719.2453	COASTER
79721.2665	JITTER
79721.2843	ITI
79722.2437	*** TTL ***
79722.2454	COASTER
79724.2666	JITTER
79724.2842	ITI
79725.2438	*** TTL ***
79725.2453	COASTER
79727.2666	JITTER
79727.2844	ITI
79728.2437	*** TTL ***
79728.2453	COASTER
79730.2667	JITTER
79735.7847	ITI
79737.2434	*** TTL ***
79737.2452	COASTER
79739.2668	JITTER
79746.2849	ITI
79747.7448	*** TTL ***
79747.7465	COASTER
79749.767	JITTER
79749.7847	ITI
79750.7448	*** TTL ***
79750.7463	COASTER
79752.7671	JITTER
79753.7852	ITI
79755.2443	*** TTL ***
79755.2462	COASTER
79757.2672	JITTER
79757.2849	ITI
79758.2447	*** TTL ***
79758.2463	COASTER
79760.2673	JITTER
79762.7851	ITI
79764.2447	*** TTL ***
79764.2464	COASTER
79766.2673	JITTER
79766.285	ITI
79767.2447	*** TTL ***
79767.2464	COASTER
79769.2674	JITTER
79769.285	ITI
79770.2447	*** TTL ***
79770.2462	COASTER
79772.2674	JITTER
79772.2851	ITI
79773.2443	*** TTL ***
79773.2462	COASTER
79775.2675	JITTER
79776.2856	ITI
79777.7448	*** TTL ***
79777.7477	COASTER
79779.7676	JITTER
79779.7854	ITI
79780.7444	*** TTL ***
79780.747	COASTER
79782.7676	JITTER
79782.7854	ITI
79783.7447	*** TTL ***
79783.7475	COASTER
79785.7677	JITTER
79785.7854	ITI
79786.7457	*** TTL ***
79786.7484	COASTER
79788.7677	JITTER
79792.7858	ITI
79794.2457	*** TTL ***
79794.2484	COASTER
79796.2679	JITTER
79796.2856	ITI
79797.2457	*** TTL ***
79797.2484	COASTER
79799.2679	JITTER
79806.2861	ITI
79807.7457	*** TTL ***
79807.7485	COASTER
79809.7682	JITTER
79815.2861	ITI
79816.7458	*** TTL ***
79816.7485	COASTER
79818.7683	JITTER
79819.7862	ITI
79821.2457	*** TTL ***
79821.2483	COASTER
79823.2683	JITTER
79823.2861	ITI
79824.2466	*** TTL ***
79824.2493	COASTER
79826.2685	JITTER
79826.2862	ITI
79827.2467	*** TTL ***
79827.2492	COASTER
79829.2685	JITTER
79829.2863	ITI
79830.2467	*** TTL ***
79830.2494	COASTER
79832.2686	JITTER
79833.2866	ITI
79834.7468	*** TTL ***
79834.7495	COASTER
79836.7687	JITTER
79836.7864	ITI
79837.7467	*** TTL ***
79837.7493	COASTER
79839.7688	JITTER
79840.7867	ITI
79842.2467	*** TTL ***
79842.2495	COASTER
79844.2688	JITTER
79844.2865	ITI
79845.2463	*** TTL ***
79845.2488	COASTER
79847.2688	JITTER
79849.7868	ITI
79851.2467	*** TTL ***
79851.2493	COASTER
79853.2689	JITTER
79853.2867	ITI
79854.2468	*** TTL ***
79854.2494	COASTER
79856.269	JITTER
79856.2867	ITI
79857.2463	*** TTL ***
79857.2488	COASTER
79859.269	JITTER
79859.2868	ITI
79860.2467	*** TTL ***
79860.2492	COASTER
79862.2691	JITTER
79863.287	ITI
79864.7478	*** TTL ***
79864.7505	COASTER
79866.7693	JITTER
79866.7869	ITI
79867.7478	*** TTL ***
79867.7504	COASTER
79869.7693	JITTER
79869.787	ITI
79870.7477	*** TTL ***
79870.7505	COASTER
79872.7694	JITTER
79875.2875	ITI
79876.7477	*** TTL ***
79876.7503	COASTER
79878.7694	JITTER
79878.787	ITI
79879.7474	*** TTL ***
79879.7499	COASTER
79881.7694	JITTER
79887.2876	ITI
79888.7478	*** TTL ***
79888.7496	COASTER
79890.7695	JITTER
79891.7877	ITI
79893.2477	*** TTL ***
79893.2509	COASTER
79895.2697	JITTER
79895.2875	ITI
79896.2477	*** TTL ***
79896.2507	COASTER
79898.2698	JITTER
79898.2874	ITI
79899.2477	*** TTL ***
79899.2509	COASTER
79901.2698	JITTER
79901.2875	ITI
79902.2487	*** TTL ***
79902.252	COASTER
79904.2699	JITTER
79904.2875	ITI
79905.2487	*** TTL ***
79905.2517	COASTER
79907.2699	JITTER
79907.2876	ITI
79908.2483	*** TTL ***
79908.2521	COASTER
79910.27	JITTER
79911.2881	ITI
79912.7488	*** TTL ***
79912.7521	COASTER
79914.7701	JITTER
79921.7882	ITI
79923.2488	*** TTL ***
79923.252	COASTER
79925.2703	JITTER
79929.2884	ITI
79930.7488	*** TTL ***
79930.752	COASTER
79932.7705	JITTER
79932.7882	ITI
79933.7488	*** TTL ***
79933.752	COASTER
79935.7705	JITTER
79935.7881	ITI
79936.7488	*** TTL ***
79936.7521	COASTER
79938.7706	JITTER
79941.2886	ITI
79942.7498	*** TTL ***
79942.753	COASTER
79944.7706	JITTER
79944.7884	ITI
79945.7497	*** TTL ***
79945.753	COASTER
79947.7707	JITTER
79947.7884	ITI
79948.7498	*** TTL ***
79948.7531	COASTER
79950.7707	JITTER
79954.7888	ITI
79956.2497	*** TTL ***
79956.2529	COASTER
79958.2709	JITTER
79960.789	ITI
79962.2497	*** TTL ***
79962.2529	COASTER
79964.271	JITTER
79964.2887	ITI
79965.2497	*** TTL ***
79965.2529	COASTER
79967.2711	JITTER
79967.2888	ITI
79968.2497	*** TTL ***
79968.2529	COASTER
79970.2711	JITTER
79971.2891	ITI
79972.7498	*** TTL ***
79972.7532	COASTER
79974.7712	JITTER
79974.7888	ITI
79975.7498	*** TTL ***
79975.7531	COASTER
79977.7712	JITTER
79978.7893	ITI
79980.2498	*** TTL ***
79980.253	COASTER
79982.2713	JITTER
79983.2894	ITI
79984.7508	*** TTL ***
79984.7541	COASTER
79986.7715	JITTER
79986.789	ITI
79987.7508	*** TTL ***
79987.7541	COASTER
79989.7715	JITTER
79996.7894	ITI
79998.2507	*** TTL ***
79998.2539	COASTER
80000.2717	JITTER
80000.2894	ITI
80001.2507	*** TTL ***
80001.2539	COASTER
80003.2717	JITTER
80010.2898	ITI
80011.7509	*** TTL ***
80011.7541	COASTER
80013.772	JITTER
80016.2901	ITI
80017.7508	*** TTL ***
80017.7542	COASTER
80019.7721	JITTER
80020.7901	ITI
80022.2518	*** TTL ***
80022.2549	COASTER
80024.2721	JITTER
80024.29	ITI
80025.2517	*** TTL ***
80025.2551	COASTER
80027.2722	JITTER
80032.7903	ITI
80034.2517	*** TTL ***
80034.2549	COASTER
80036.2723	JITTER
80038.7904	ITI
80040.2517	*** TTL ***
80040.2548	COASTER
80042.2725	JITTER
80046.2904	ITI
80047.7518	*** TTL ***
80047.7553	COASTER
80049.7726	JITTER
80049.7903	ITI
80050.7517	*** TTL ***
80050.755	COASTER
80052.7727	JITTER
80052.7904	ITI
80053.7519	*** TTL ***
80053.7552	COASTER
80055.7727	JITTER
80055.7904	ITI
80056.7518	*** TTL ***
80056.7549	COASTER
80058.7727	JITTER
80061.2907	ITI
80062.7528	*** TTL ***
80062.7561	COASTER
80064.7729	JITTER
80064.7905	ITI
80065.7529	*** TTL ***
80065.7563	COASTER
80067.7729	JITTER
80067.7907	ITI
80068.7528	*** TTL ***
80068.7563	COASTER
80070.7729	JITTER
80070.7907	ITI
80071.7527	*** TTL ***
80071.756	COASTER
80073.773	JITTER
80074.7911	ITI
80076.2527	*** TTL ***
80076.256	COASTER
80078.2731	JITTER
80080.7911	ITI
80082.2527	*** TTL ***
80082.2559	COASTER
80084.2733	JITTER
80085.2914	ITI
80086.7527	*** TTL ***
80086.7559	COASTER
80088.7733	JITTER
80088.791	ITI
80089.7529	*** TTL ***
80089.7561	COASTER
80091.7733	JITTER
80097.2912	ITI
80098.7528	*** TTL ***
80098.7562	COASTER
80100.7735	JITTER
80100.7913	ITI
80101.7538	*** TTL ***
80101.757	COASTER
80103.7736	JITTER
80103.7913	ITI
80104.7538	*** TTL ***
80104.7573	COASTER
80106.7736	JITTER
80107.7917	ITI
80109.2538	*** TTL ***
80109.257	COASTER
80111.2736	JITTER
80111.2914	ITI
80116.1158	*** TTL ***
80116.1193	COASTER
80118.1405	JITTER
80118.1584	ITI
80118.1864	*** TTL ***
