132236.1364	WAITING...
132246.2921	START_LOOP
132246.2957	*****
132246.2962	COASTER
132249.4289	FEEDBACK
132250.4582	ITI
132250.9698	*****
132250.9709	COASTER
132254.0597	FEEDBACK
132255.073	ITI
132255.5856	*****
132255.5867	COASTER
132258.6762	FEEDBACK
132259.6892	ITI
132260.202	*****
132260.2025	COASTER
132263.2924	FEEDBACK
132264.3054	ITI
132264.8183	*****
132264.8194	COASTER
132267.9086	FEEDBACK
132268.9216	ITI
132269.4344	*****
132269.4349	COASTER
132272.5248	FEEDBACK
132273.5378	ITI
132274.0497	*****
132274.0509	COASTER
132277.1411	FEEDBACK
132278.1541	ITI
132278.6662	*****
132278.6674	COASTER
132281.7573	FEEDBACK
132282.7702	ITI
132283.2831	*****
132283.2842	COASTER
132286.3728	FEEDBACK
132287.3865	ITI
132287.8993	*****
132287.9005	COASTER
132290.9898	FEEDBACK
132292.0027	ITI
132292.5155	*****
132292.516	COASTER
132295.6051	FEEDBACK
132296.6189	ITI
132297.1317	*****
132297.1322	COASTER
132300.2221	FEEDBACK
132301.2351	ITI
132301.7471	*****
132301.7483	COASTER
132304.8384	FEEDBACK
132305.8512	ITI
132306.3643	*****
132306.3654	COASTER
132309.4546	FEEDBACK
132310.4675	ITI
132310.9804	*****
132310.981	COASTER
132314.0708	FEEDBACK
132315.0827	ITI
132315.5966	*****
132315.5971	COASTER
132318.7035	FEEDBACK
132319.7164	ITI
132320.229	*****
132320.2294	COASTER
132323.3691	FEEDBACK
132324.3992	ITI
132324.912	*****
132324.9136	COASTER
132328.0025	FEEDBACK
132329.0144	ITI
132329.5283	*****
132329.5288	COASTER
132332.6021	FEEDBACK
132333.6141	ITI
132334.1279	*****
132334.129	COASTER
132337.2183	FEEDBACK
132338.2312	ITI
132338.7442	*****
132338.7453	COASTER
132341.8338	FEEDBACK
132342.8468	ITI
132343.3599	*****
132343.3605	COASTER
132346.4503	FEEDBACK
132347.4636	ITI
132347.9765	*****
132347.9777	COASTER
132351.067	FEEDBACK
132352.0797	ITI
132352.5927	*****
132352.5938	COASTER
132355.683	FEEDBACK
132356.696	ITI
132357.2089	*****
132357.2094	COASTER
132360.2993	FEEDBACK
132361.3123	ITI
132361.8245	*****
132361.8257	COASTER
132364.9156	FEEDBACK
132365.9285	ITI
132366.4413	*****
132366.4418	COASTER
132369.5152	FEEDBACK
132370.5281	ITI
132371.0409	*****
132371.0415	COASTER
132374.1314	FEEDBACK
132375.1443	ITI
132375.6565	*****
132375.658	COASTER
132378.7476	FEEDBACK
132379.7605	ITI
132380.2728	*****
132380.2739	COASTER
132383.3638	FEEDBACK
132384.3767	ITI
132384.8891	*****
132384.8902	COASTER
132387.9634	FEEDBACK
132388.9764	ITI
132389.4893	*****
132389.4904	COASTER
132392.5795	FEEDBACK
132393.5926	ITI
132394.1054	*****
132394.1066	COASTER
132397.1958	FEEDBACK
132398.2088	ITI
132398.7217	*****
132398.7228	COASTER
132401.812	FEEDBACK
132402.825	ITI
132403.3378	*****
132403.3383	COASTER
132406.4284	FEEDBACK
132407.4412	ITI
132407.9541	*****
132407.9547	COASTER
132411.0445	FEEDBACK
132412.0574	ITI
132412.5703	*****
132412.5714	COASTER
132415.6441	FEEDBACK
132416.657	ITI
132417.1689	*****
132417.1701	COASTER
132420.2602	FEEDBACK
132421.2733	ITI
132421.7861	*****
132421.7872	COASTER
132424.859	FEEDBACK
132425.8729	ITI
132426.3858	*****
132426.3869	COASTER
132429.4762	FEEDBACK
132430.489	ITI
132431.002	*****
132431.0031	COASTER
132434.0923	FEEDBACK
132435.1052	ITI
132435.6171	*****
132435.6176	COASTER
132438.6921	FEEDBACK
132439.7049	ITI
132440.2178	*****
132440.2189	COASTER
132443.3083	FEEDBACK
132444.3205	ITI
132444.834	*****
132444.8351	COASTER
132447.9244	FEEDBACK
132448.9372	ITI
132449.4498	*****
132449.4503	COASTER
132452.524	FEEDBACK
132453.5369	ITI
132454.0498	*****
132454.051	COASTER
132457.1402	FEEDBACK
132458.1531	ITI
132458.6656	*****
132458.6662	COASTER
132461.7563	FEEDBACK
132462.7693	ITI
132463.2822	*****
132463.2833	COASTER
132466.3725	FEEDBACK
132467.3855	ITI
132467.8983	*****
132467.8989	COASTER
132470.9888	FEEDBACK
132472.0009	ITI
132472.5146	*****
132472.5152	COASTER
132475.605	FEEDBACK
132476.618	ITI
132477.1309	*****
132477.132	COASTER
132480.2212	FEEDBACK
132481.2341	ITI
132481.7471	*****
132481.7482	COASTER
132484.8209	FEEDBACK
132485.8337	ITI
132486.3467	*****
132486.3472	COASTER
132489.4205	FEEDBACK
132490.4334	ITI
132490.9462	*****
132490.9466	COASTER
132494.0367	FEEDBACK
132495.0493	ITI
132495.5625	*****
132495.5636	COASTER
132498.6529	FEEDBACK
132499.6659	ITI
132500.1786	*****
132500.1792	COASTER
132503.2525	FEEDBACK
132504.2654	ITI
132504.7782	*****
132504.7787	COASTER
132507.8516	FEEDBACK
132508.8649	ITI
132509.3775	*****
132509.3787	COASTER
132512.4683	FEEDBACK
132513.4814	ITI
132513.9937	*****
132513.9942	COASTER
132517.0845	FEEDBACK
132518.0975	ITI
132518.6103	*****
132518.6108	COASTER
132521.6841	FEEDBACK
132522.6971	ITI
132523.21	*****
132523.2112	COASTER
132526.2999	FEEDBACK
132527.3133	ITI
132527.8262	*****
132527.8268	COASTER
132530.8991	FEEDBACK
132531.9128	ITI
132532.4258	*****
132532.4269	COASTER
132535.5162	FEEDBACK
132536.5291	ITI
132537.042	*****
132537.0431	COASTER
132540.1317	FEEDBACK
132541.1453	ITI
132541.6582	*****
132541.6588	COASTER
132544.732	FEEDBACK
132545.7449	ITI
132546.2577	*****
132546.2582	COASTER
132549.3482	FEEDBACK
132550.3612	ITI
132550.874	*****
132550.8752	COASTER
132553.9644	FEEDBACK
132554.9774	ITI
132555.4897	*****
132555.4909	COASTER
132558.5807	FEEDBACK
132559.5936	ITI
132560.1065	*****
132560.1071	COASTER
132563.197	FEEDBACK
132564.2098	ITI
132564.7227	*****
132564.7238	COASTER
132567.813	FEEDBACK
132568.826	ITI
132569.3389	*****
132569.34	COASTER
132572.4293	FEEDBACK
132573.4414	ITI
132573.9551	*****
132573.9556	COASTER
132577.0455	FEEDBACK
132578.0583	ITI
132578.5714	*****
132578.5725	COASTER
132581.6617	FEEDBACK
132582.6746	ITI
132583.1876	*****
132583.1882	COASTER
132586.2612	FEEDBACK
132587.2742	ITI
132587.7871	*****
132587.7876	COASTER
132590.8937	FEEDBACK
132591.907	ITI
132592.4196	*****
132592.4202	COASTER
132595.5102	FEEDBACK
132596.5277	ITI
132597.0529	*****
132597.054	COASTER
132600.1432	FEEDBACK
132601.1561	ITI
132601.669	*****
132601.6702	COASTER
132604.7594	FEEDBACK
132605.7723	ITI
132606.2852	*****
132606.2863	COASTER
132609.3757	FEEDBACK
132610.388	ITI
132610.9013	*****
132610.9019	COASTER
132613.991	FEEDBACK
132615.0048	ITI
132615.5176	*****
132615.5188	COASTER
132618.6253	FEEDBACK
132619.6376	ITI
132620.1499	*****
132620.1511	COASTER
132623.2408	FEEDBACK
132624.2538	ITI
132624.7666	*****
132624.7677	COASTER
132627.8571	FEEDBACK
132628.8699	ITI
132629.3823	*****
132629.3828	COASTER
132632.4733	FEEDBACK
132633.4858	ITI
132633.9992	*****
132633.9997	COASTER
132637.0895	FEEDBACK
132638.102	ITI
132638.6154	*****
132638.6165	COASTER
132641.7057	FEEDBACK
132642.7186	ITI
132643.2312	*****
132643.2323	COASTER
132646.3219	FEEDBACK
132647.3347	ITI
132647.8477	*****
132647.8482	COASTER
132650.9546	FEEDBACK
132651.9676	ITI
132652.4806	*****
132652.4817	COASTER
132655.5709	FEEDBACK
132656.5839	ITI
132657.0968	*****
132657.0979	COASTER
132660.1871	FEEDBACK
132661.1992	ITI
132661.7131	*****
132661.7142	COASTER
132664.8034	FEEDBACK
132665.8161	ITI
132666.3292	*****
132666.3304	COASTER
132669.4196	FEEDBACK
132670.4325	ITI
132670.9453	*****
132670.9459	COASTER
132674.0181	FEEDBACK
132675.0321	ITI
132675.5449	*****
132675.5454	COASTER
132678.6353	FEEDBACK
132679.6484	ITI
132680.1611	*****
132680.1617	COASTER
132683.2516	FEEDBACK
132684.2646	ITI
132684.7774	*****
132684.7779	COASTER
132687.8513	FEEDBACK
132688.864	ITI
132689.3771	*****
132689.3782	COASTER
132692.4675	FEEDBACK
132693.4804	ITI
132693.9933	*****
132693.9938	COASTER
132697.0828	FEEDBACK
132698.0957	ITI
132698.609	*****
132698.6095	COASTER
132701.6833	FEEDBACK
132702.6962	ITI
132703.2084	*****
132703.2095	COASTER
132706.2994	FEEDBACK
132707.3124	ITI
132707.8253	*****
132707.8265	COASTER
132710.9157	FEEDBACK
132711.9286	ITI
132712.4406	*****
132712.4417	COASTER
132715.5318	FEEDBACK
132716.5448	ITI
132717.0577	*****
132717.0589	COASTER
132720.1481	FEEDBACK
132721.1611	ITI
132721.6733	*****
132721.6738	COASTER
132724.7477	FEEDBACK
132725.7605	ITI
132726.2735	*****
132726.274	COASTER
132729.3473	FEEDBACK
132730.3603	ITI
132730.873	*****
132730.8736	COASTER
132733.9635	FEEDBACK
132734.9763	ITI
132735.4889	*****
132735.4894	COASTER
132738.5631	FEEDBACK
132739.5761	ITI
132740.0889	*****
132740.0895	COASTER
132743.1794	FEEDBACK
132744.1923	ITI
132744.705	*****
132744.7062	COASTER
132747.7956	FEEDBACK
132748.8085	ITI
132749.3212	*****
132749.3225	COASTER
132752.4117	FEEDBACK
132753.4246	ITI
132753.9376	*****
132753.9387	COASTER
132757.0276	FEEDBACK
132758.0409	ITI
132758.5538	*****
132758.555	COASTER
132761.6435	FEEDBACK
132762.6571	ITI
132763.17	*****
132763.1712	COASTER
132766.2603	FEEDBACK
132767.2733	ITI
132767.7862	*****
132767.7873	COASTER
132770.8768	FEEDBACK
132771.8888	ITI
132772.4024	*****
132772.403	COASTER
132775.4928	FEEDBACK
132776.5058	ITI
132777.0187	*****
132777.0198	COASTER
132780.1091	FEEDBACK
132781.122	ITI
132781.6348	*****
132781.6353	COASTER
132784.7087	FEEDBACK
132785.7217	ITI
132786.2345	*****
132786.2356	COASTER
132789.3249	FEEDBACK
132790.3378	ITI
132790.8499	*****
132790.851	COASTER
132793.9411	FEEDBACK
132794.9541	ITI
132795.4671	*****
132795.4682	COASTER
132798.5573	FEEDBACK
132799.5702	ITI
132800.0831	*****
132800.0837	COASTER
132803.1735	FEEDBACK
132804.1859	ITI
132804.6994	*****
132804.7005	COASTER
132807.7896	FEEDBACK
132808.8026	ITI
132809.3155	*****
132809.3167	COASTER
132812.4059	FEEDBACK
132813.4188	ITI
132813.9318	*****
132813.9329	COASTER
132817.0221	FEEDBACK
132818.0351	ITI
132818.548	*****
132818.5492	COASTER
132821.6384	FEEDBACK
132822.6507	ITI
132823.1642	*****
132823.1653	COASTER
132826.2546	FEEDBACK
132827.2671	ITI
