191008.0483	WAITING...
191018.2002	START_LOOP
191018.2038	*****
191018.2042	COASTER
191021.338	FEEDBACK
191022.3672	ITI
191022.8954	*****
191022.8966	COASTER
191025.9856	FEEDBACK
191026.9985	ITI
191027.5114	*****
191027.5125	COASTER
191030.6018	FEEDBACK
191031.6139	ITI
191032.1278	*****
191032.1283	COASTER
191035.218	FEEDBACK
191036.231	ITI
191036.7438	*****
191036.7444	COASTER
191039.8177	FEEDBACK
191040.8305	ITI
191041.3435	*****
191041.3446	COASTER
191044.434	FEEDBACK
191045.4469	ITI
191045.9597	*****
191045.9608	COASTER
191049.05	FEEDBACK
191050.063	ITI
191050.5759	*****
191050.577	COASTER
191053.6663	FEEDBACK
191054.6788	ITI
191055.1919	*****
191055.193	COASTER
191058.2825	FEEDBACK
191059.2954	ITI
191059.8083	*****
191059.8094	COASTER
191062.8987	FEEDBACK
191063.9116	ITI
191064.4246	*****
191064.4257	COASTER
191067.5149	FEEDBACK
191068.5278	ITI
191069.0407	*****
191069.0413	COASTER
191072.1146	FEEDBACK
191073.1274	ITI
191073.6403	*****
191073.6414	COASTER
191076.7309	FEEDBACK
191077.7437	ITI
191078.2567	*****
191078.2578	COASTER
191081.3469	FEEDBACK
191082.3599	ITI
191082.8727	*****
191082.8739	COASTER
191085.9633	FEEDBACK
191086.9761	ITI
191087.4887	*****
191087.4899	COASTER
191090.5794	FEEDBACK
191091.5922	ITI
191092.1052	*****
191092.1063	COASTER
191095.1956	FEEDBACK
191096.2077	ITI
191096.7214	*****
191096.7225	COASTER
191099.8118	FEEDBACK
191100.8247	ITI
191101.3376	*****
191101.3387	COASTER
191104.428	FEEDBACK
191105.4409	ITI
191105.9538	*****
191105.955	COASTER
191109.0442	FEEDBACK
191110.0572	ITI
191110.5707	*****
191110.5718	COASTER
191113.6604	FEEDBACK
191114.6736	ITI
191115.1863	*****
191115.1868	COASTER
191118.2601	FEEDBACK
191119.273	ITI
191119.7861	*****
191119.7865	COASTER
191122.8598	FEEDBACK
191123.8727	ITI
191124.3855	*****
191124.3866	COASTER
191127.4759	FEEDBACK
191128.4882	ITI
191129.0017	*****
191129.0028	COASTER
191132.092	FEEDBACK
191133.105	ITI
191133.6179	*****
191133.619	COASTER
191136.7088	FEEDBACK
191137.7213	ITI
191138.2341	*****
191138.2353	COASTER
191141.3411	FEEDBACK
191142.354	ITI
191142.8667	*****
191142.8678	COASTER
191145.9573	FEEDBACK
191146.9702	ITI
191147.4831	*****
191147.4842	COASTER
191150.5737	FEEDBACK
191151.5865	ITI
191152.0995	*****
191152.1007	COASTER
191155.1897	FEEDBACK
191156.2027	ITI
191156.7157	*****
191156.7168	COASTER
191159.8059	FEEDBACK
191160.8187	ITI
191161.332	*****
191161.3331	COASTER
191164.422	FEEDBACK
191165.4345	ITI
191165.948	*****
191165.9491	COASTER
191169.0384	FEEDBACK
191170.0512	ITI
191170.5642	*****
191170.5646	COASTER
191173.6546	FEEDBACK
191174.6676	ITI
191175.1805	*****
191175.1816	COASTER
191178.2708	FEEDBACK
191179.2839	ITI
191179.7967	*****
191179.7972	COASTER
191182.8704	FEEDBACK
191183.8834	ITI
191184.3956	*****
191184.3967	COASTER
191187.4702	FEEDBACK
191188.483	ITI
191188.9958	*****
191188.997	COASTER
191192.0864	FEEDBACK
191193.0992	ITI
191193.6123	*****
191193.6134	COASTER
191196.7025	FEEDBACK
191197.7154	ITI
191198.2283	*****
191198.2294	COASTER
191201.3186	FEEDBACK
191202.3316	ITI
191202.8445	*****
191202.8456	COASTER
191205.9349	FEEDBACK
191206.9478	ITI
191207.4607	*****
191207.4618	COASTER
191210.5346	FEEDBACK
191211.5474	ITI
191212.0605	*****
191212.0617	COASTER
191215.1502	FEEDBACK
191216.1636	ITI
191216.6765	*****
191216.6777	COASTER
191219.7669	FEEDBACK
191220.7798	ITI
191221.2927	*****
191221.2939	COASTER
191224.3833	FEEDBACK
191225.3961	ITI
191225.9086	*****
191225.9098	COASTER
191228.9993	FEEDBACK
191230.0123	ITI
191230.5251	*****
191230.5263	COASTER
191233.6155	FEEDBACK
191234.6285	ITI
191235.1414	*****
191235.1425	COASTER
191238.2311	FEEDBACK
191239.2446	ITI
191239.7576	*****
191239.7587	COASTER
191242.848	FEEDBACK
191243.8609	ITI
191244.3738	*****
191244.3749	COASTER
191247.4643	FEEDBACK
191248.4771	ITI
191248.99	*****
191248.9912	COASTER
191252.0804	FEEDBACK
191253.0933	ITI
191253.6062	*****
191253.6073	COASTER
191256.6966	FEEDBACK
191257.7095	ITI
191258.2224	*****
191258.2236	COASTER
191261.3129	FEEDBACK
191262.326	ITI
191262.8386	*****
191262.8397	COASTER
191265.929	FEEDBACK
191266.9412	ITI
191267.4548	*****
191267.456	COASTER
191270.5452	FEEDBACK
191271.5582	ITI
191272.0711	*****
191272.0722	COASTER
191275.1611	FEEDBACK
191276.1744	ITI
191276.6873	*****
191276.6884	COASTER
191279.7767	FEEDBACK
191280.7906	ITI
191281.3035	*****
191281.3047	COASTER
191284.3774	FEEDBACK
191285.3902	ITI
191285.9029	*****
191285.904	COASTER
191288.993	FEEDBACK
191290.0064	ITI
191290.5193	*****
191290.5204	COASTER
191293.6098	FEEDBACK
191294.6217	ITI
191295.1357	*****
191295.1368	COASTER
191298.2259	FEEDBACK
191299.2387	ITI
191299.7517	*****
191299.7528	COASTER
191302.8421	FEEDBACK
191303.8551	ITI
191304.3681	*****
191304.3692	COASTER
191307.4585	FEEDBACK
191308.4714	ITI
191308.9843	*****
191308.9855	COASTER
191312.0747	FEEDBACK
191313.0875	ITI
191313.6004	*****
191313.6015	COASTER
191316.6909	FEEDBACK
191317.7037	ITI
191318.2168	*****
191318.2179	COASTER
191321.3071	FEEDBACK
191322.3199	ITI
191322.8329	*****
191322.8341	COASTER
191325.9234	FEEDBACK
191326.9361	ITI
191327.449	*****
191327.4502	COASTER
191330.5387	FEEDBACK
191331.5522	ITI
191332.0653	*****
191332.0664	COASTER
191335.1556	FEEDBACK
191336.1686	ITI
191336.6816	*****
191336.6828	COASTER
191339.7714	FEEDBACK
191340.7848	ITI
191341.2978	*****
191341.299	COASTER
191344.3882	FEEDBACK
191345.4009	ITI
191345.9139	*****
191345.915	COASTER
191349.0043	FEEDBACK
191350.0172	ITI
191350.5301	*****
191350.5312	COASTER
191353.6206	FEEDBACK
191354.6334	ITI
191355.1463	*****
191355.1474	COASTER
191358.2367	FEEDBACK
191359.2497	ITI
191359.7623	*****
191359.7634	COASTER
191362.8529	FEEDBACK
191363.8659	ITI
191364.3787	*****
191364.3798	COASTER
191367.4691	FEEDBACK
191368.4821	ITI
191368.9951	*****
191368.9962	COASTER
191372.0853	FEEDBACK
191373.0983	ITI
191373.6113	*****
191373.6124	COASTER
191376.7017	FEEDBACK
191377.7141	ITI
191378.2275	*****
191378.2287	COASTER
191381.3178	FEEDBACK
191382.3307	ITI
191382.8436	*****
191382.8447	COASTER
191385.9341	FEEDBACK
191386.9463	ITI
191387.4598	*****
191387.4609	COASTER
191390.5502	FEEDBACK
191391.5631	ITI
191392.076	*****
191392.0772	COASTER
191395.1664	FEEDBACK
191396.1794	ITI
191396.6922	*****
191396.6934	COASTER
191399.7827	FEEDBACK
191400.7956	ITI
191401.3077	*****
191401.3089	COASTER
191404.3988	FEEDBACK
191405.4118	ITI
191405.9247	*****
191405.9258	COASTER
191409.015	FEEDBACK
191410.028	ITI
191410.5409	*****
191410.542	COASTER
191413.6314	FEEDBACK
191414.6442	ITI
191415.1571	*****
191415.1582	COASTER
191418.2475	FEEDBACK
191419.2604	ITI
191419.7729	*****
191419.7741	COASTER
191422.863	FEEDBACK
191423.8766	ITI
191424.3895	*****
191424.3906	COASTER
191427.4799	FEEDBACK
191428.4928	ITI
191429.0057	*****
191429.0068	COASTER
191432.0961	FEEDBACK
191433.109	ITI
191433.6219	*****
191433.6231	COASTER
191436.7123	FEEDBACK
191437.7253	ITI
191438.2382	*****
191438.2393	COASTER
191441.3286	FEEDBACK
191442.3415	ITI
191442.8543	*****
191442.8555	COASTER
191445.9444	FEEDBACK
191446.9577	ITI
191447.4705	*****
191447.4717	COASTER
191450.561	FEEDBACK
191451.5738	ITI
191452.087	*****
191452.0881	COASTER
191455.1772	FEEDBACK
191456.1901	ITI
191456.703	*****
191456.7041	COASTER
191459.7934	FEEDBACK
191460.8063	ITI
191461.3192	*****
191461.3203	COASTER
191464.4096	FEEDBACK
191465.4225	ITI
191465.9356	*****
191465.9361	COASTER
191469.0258	FEEDBACK
191470.038	ITI
191470.5517	*****
191470.5528	COASTER
191473.642	FEEDBACK
191474.655	ITI
191475.1678	*****
191475.169	COASTER
191478.2582	FEEDBACK
191479.2712	ITI
191479.7842	*****
191479.7854	COASTER
191482.8744	FEEDBACK
191483.8875	ITI
191484.4003	*****
191484.4014	COASTER
191487.4907	FEEDBACK
191488.5038	ITI
191489.0165	*****
191489.0176	COASTER
191492.1069	FEEDBACK
191493.1198	ITI
191493.6327	*****
191493.6338	COASTER
191496.7231	FEEDBACK
191497.736	ITI
191498.2489	*****
191498.25	COASTER
191501.3387	FEEDBACK
191502.3522	ITI
191502.8651	*****
191502.8662	COASTER
191505.9554	FEEDBACK
191506.9685	ITI
191507.4813	*****
191507.4824	COASTER
191510.5717	FEEDBACK
191511.5848	ITI
191512.0975	*****
191512.0987	COASTER
191515.1714	FEEDBACK
191516.1843	ITI
191516.6971	*****
191516.6983	COASTER
191519.7877	FEEDBACK
191520.8005	ITI
191521.3134	*****
191521.3145	COASTER
191524.4037	FEEDBACK
191525.4167	ITI
191525.9296	*****
191525.9307	COASTER
191529.0035	FEEDBACK
191530.0163	ITI
191530.5294	*****
191530.5305	COASTER
191533.6196	FEEDBACK
191534.6327	ITI
191535.1454	*****
191535.1465	COASTER
191538.2358	FEEDBACK
191539.2487	ITI
191539.7618	*****
191539.7629	COASTER
191542.8521	FEEDBACK
191543.8649	ITI
191544.3778	*****
191544.3789	COASTER
191547.4683	FEEDBACK
191548.4811	ITI
191548.994	*****
191548.9952	COASTER
191552.0846	FEEDBACK
191553.0974	ITI
191553.6102	*****
191553.6114	COASTER
191556.7007	FEEDBACK
191557.7136	ITI
191558.2265	*****
191558.2276	COASTER
191561.317	FEEDBACK
191562.3298	ITI
191562.8427	*****
191562.8438	COASTER
191565.9331	FEEDBACK
191566.9459	ITI
191567.4584	*****
191567.4595	COASTER
191570.5493	FEEDBACK
191571.5622	ITI
191572.0753	*****
191572.0764	COASTER
191575.1656	FEEDBACK
191576.1795	ITI
191576.6915	*****
191576.6926	COASTER
191579.7818	FEEDBACK
191580.7946	ITI
191581.3075	*****
191581.3087	COASTER
191584.3813	FEEDBACK
191585.3943	ITI
191585.9065	*****
191585.9076	COASTER
191588.9976	FEEDBACK
191590.0105	ITI
191590.5234	*****
191590.5245	COASTER
191593.6137	FEEDBACK
191594.6267	ITI
191595.1396	*****
191595.1407	COASTER
191598.2299	FEEDBACK
191599.2429	ITI
