22828.0971	WAITING...
22838.3051	START_LOOP
22838.3215	TREE
22839.3165	FEEDBACK_DELAY
22840.3285	FEEDBACK
22841.4268	ITI
22842.0489	*** TTL ***
22842.0576	TREE
22843.1157	FEEDBACK_DELAY
22844.1293	FEEDBACK
22845.2116	ITI
22845.7289	*** TTL ***
22845.7398	TREE
22847.0036	FEEDBACK_DELAY
22848.015	FEEDBACK
22849.0972	ITI
22849.4976	*** TTL ***
22849.5094	TREE
22850.3316	FEEDBACK_DELAY
22851.3515	FEEDBACK
22852.434	ITI
22853.2978	*** TTL ***
22853.3087	TREE
22854.0035	FEEDBACK_DELAY
22855.0223	FEEDBACK
22856.1041	ITI
22856.9768	*** TTL ***
22856.9861	JITTER
22859.8809	*** TTL ***
22859.8863	TREE
22860.7309	FEEDBACK_DELAY
22861.7474	FEEDBACK
22862.8442	ITI
