235.0458	WAITING...
245.7693	START
245.7754	COASTER
248.9118	FEEDBACK
249.9412	ITI
250.041	*** TTL ***
250.044	COASTER
253.1286	FEEDBACK
254.1415	ITI
255.2895	*** TTL ***
255.2903	COASTER
258.3751	FEEDBACK
259.3887	ITI
259.4575	*** TTL ***
259.4582	JITTER
262.1535	*** TTL ***
262.1542	JITTER
264.7455	*** TTL ***
264.7462	JITTER
267.3612	*** TTL ***
267.3619	COASTER
270.4476	FEEDBACK
271.4597	ITI
271.6326	*** TTL ***
271.6333	COASTER
274.7144	FEEDBACK
275.7282	ITI
275.7686	*** TTL ***
275.7693	COASTER
278.8491	FEEDBACK
279.8628	ITI
