45572.9728	WAITING...
45583.3886	START_LOOP
45583.4031	TREE
45585.419	FEEDBACK_DELAY
45586.4341	FEEDBACK_NR
45587.4461	ITI
45587.6602	*** TTL ***
45587.6673	TREE
45588.7982	FEEDBACK_DELAY
45589.8175	FEEDBACK_0
45590.9159	ITI
45591.1245	*** TTL ***
45591.128	TREE
45591.9096	FEEDBACK_DELAY
45592.9218	FEEDBACK_0
45594.0035	ITI
45596.6519	*** TTL ***
45596.6553	TREE
45596.9736	FEEDBACK_DELAY
45597.9864	FEEDBACK_0
45599.0515	ITI
45601.5961	*** TTL ***
45601.5994	TREE
45602.5176	FEEDBACK_DELAY
45603.5334	FEEDBACK_1
45604.6142	ITI
45605.3105	*** TTL ***
45605.3128	JITTER
45608.4198	*** TTL ***
45608.4237	TREE
45609.4062	FEEDBACK_DELAY
45610.4236	FEEDBACK_1
