136058.0751	WAITING...
136068.2247	START_LOOP
136068.2283	*****
136068.2287	COASTER
136071.3614	FEEDBACK
136072.3909	ITI
136072.9025	*****
136072.9031	COASTER
136075.9928	FEEDBACK
136077.0057	ITI
136077.5185	*****
136077.5191	COASTER
136080.609	FEEDBACK
136081.6219	ITI
136082.1346	*****
136082.1357	COASTER
136085.2244	FEEDBACK
136086.2382	ITI
136086.751	*****
136086.7522	COASTER
136089.8407	FEEDBACK
136090.8544	ITI
136091.3672	*****
136091.3678	COASTER
136094.4576	FEEDBACK
136095.4706	ITI
136095.983	*****
136095.9841	COASTER
136099.0734	FEEDBACK
136100.0868	ITI
136100.5993	*****
136100.6005	COASTER
136103.6901	FEEDBACK
136104.7024	ITI
136105.2156	*****
136105.2167	COASTER
136108.3054	FEEDBACK
136109.3192	ITI
136109.8321	*****
136109.8332	COASTER
136112.9225	FEEDBACK
136113.9354	ITI
136114.4483	*****
136114.4494	COASTER
136117.5386	FEEDBACK
136118.5516	ITI
136119.0645	*****
136119.0657	COASTER
136122.1538	FEEDBACK
136123.1679	ITI
136123.6807	*****
136123.6819	COASTER
136126.7711	FEEDBACK
136127.7834	ITI
136128.297	*****
136128.2975	COASTER
136131.3873	FEEDBACK
136132.3994	ITI
136132.9132	*****
136132.9143	COASTER
136136.0035	FEEDBACK
136137.0164	ITI
136137.5287	*****
136137.5299	COASTER
136140.6197	FEEDBACK
136141.6327	ITI
136142.1455	*****
136142.146	COASTER
136145.2351	FEEDBACK
136146.249	ITI
136146.7618	*****
136146.7624	COASTER
136149.8516	FEEDBACK
136150.865	ITI
136151.378	*****
136151.3784	COASTER
136154.4684	FEEDBACK
136155.4812	ITI
136155.9942	*****
136155.9954	COASTER
136159.0846	FEEDBACK
136160.0974	ITI
136160.6103	*****
136160.6109	COASTER
136163.6842	FEEDBACK
136164.6972	ITI
136165.21	*****
136165.2112	COASTER
136168.3004	FEEDBACK
136169.3134	ITI
136169.8263	*****
136169.8274	COASTER
136172.9167	FEEDBACK
136173.9296	ITI
136174.4424	*****
136174.443	COASTER
136177.5164	FEEDBACK
136178.5292	ITI
136179.0421	*****
136179.0432	COASTER
136182.1325	FEEDBACK
136183.1454	ITI
136183.6583	*****
136183.6594	COASTER
136186.7486	FEEDBACK
136187.7615	ITI
136188.2745	*****
136188.2757	COASTER
136191.3649	FEEDBACK
136192.3769	ITI
136192.89	*****
136192.8913	COASTER
136195.9811	FEEDBACK
136196.9939	ITI
136197.5069	*****
136197.508	COASTER
136200.5973	FEEDBACK
136201.6098	ITI
136202.1231	*****
136202.1243	COASTER
136205.2134	FEEDBACK
136206.2264	ITI
136206.7393	*****
136206.7405	COASTER
136209.8297	FEEDBACK
136210.8427	ITI
136211.3558	*****
136211.3569	COASTER
136214.446	FEEDBACK
136215.4589	ITI
136215.9718	*****
136215.9729	COASTER
136219.0622	FEEDBACK
136220.0751	ITI
136220.5878	*****
136220.589	COASTER
136223.6785	FEEDBACK
136224.6913	ITI
136225.2041	*****
136225.2047	COASTER
136228.2946	FEEDBACK
136229.3075	ITI
136229.8204	*****
136229.8215	COASTER
136232.9099	FEEDBACK
136233.9238	ITI
136234.4367	*****
136234.4371	COASTER
136237.5104	FEEDBACK
136238.5232	ITI
136239.0362	*****
136239.0374	COASTER
136242.1266	FEEDBACK
136243.1396	ITI
136243.6525	*****
136243.6536	COASTER
136246.7427	FEEDBACK
136247.7558	ITI
136248.2687	*****
136248.2698	COASTER
136251.3589	FEEDBACK
136252.3719	ITI
136252.8849	*****
136252.886	COASTER
136255.9743	FEEDBACK
136256.9873	ITI
136257.5012	*****
136257.5018	COASTER
136260.5915	FEEDBACK
136261.6044	ITI
136262.1173	*****
136262.1184	COASTER
136265.2077	FEEDBACK
136266.2206	ITI
136266.7335	*****
136266.7339	COASTER
136269.8066	FEEDBACK
136270.8202	ITI
136271.3331	*****
136271.3337	COASTER
136274.4237	FEEDBACK
136275.4365	ITI
136275.9493	*****
136275.9505	COASTER
136279.0397	FEEDBACK
136280.0527	ITI
136280.5656	*****
136280.5667	COASTER
136283.6559	FEEDBACK
136284.6689	ITI
136285.1818	*****
136285.1829	COASTER
136288.2722	FEEDBACK
136289.2851	ITI
136289.7981	*****
136289.7987	COASTER
136292.888	FEEDBACK
136293.9013	ITI
136294.4141	*****
136294.4146	COASTER
136297.5046	FEEDBACK
136298.5175	ITI
136299.0304	*****
136299.0315	COASTER
136302.1208	FEEDBACK
136303.1337	ITI
136303.6465	*****
136303.6471	COASTER
136306.737	FEEDBACK
136307.7494	ITI
136308.2625	*****
136308.2636	COASTER
136311.3532	FEEDBACK
136312.3662	ITI
136312.879	*****
136312.8802	COASTER
136315.9694	FEEDBACK
136316.9823	ITI
136317.4949	*****
136317.4955	COASTER
136320.5691	FEEDBACK
136321.582	ITI
136322.0943	*****
136322.0949	COASTER
136325.1687	FEEDBACK
136326.1816	ITI
136326.6945	*****
136326.6957	COASTER
136329.7848	FEEDBACK
136330.7978	ITI
136331.3106	*****
136331.3111	COASTER
136334.3845	FEEDBACK
136335.3965	ITI
136335.9104	*****
136335.9115	COASTER
136338.9999	FEEDBACK
136340.0136	ITI
136340.5265	*****
136340.5277	COASTER
136343.6169	FEEDBACK
136344.6298	ITI
136345.1426	*****
136345.1431	COASTER
136348.2326	FEEDBACK
136349.2461	ITI
136349.7588	*****
136349.7594	COASTER
136352.8329	FEEDBACK
136353.8457	ITI
136354.3586	*****
136354.3597	COASTER
136357.4491	FEEDBACK
136358.4619	ITI
136358.9747	*****
136358.9752	COASTER
136362.0651	FEEDBACK
136363.0781	ITI
136363.591	*****
136363.5921	COASTER
136366.6814	FEEDBACK
136367.6942	ITI
136368.2073	*****
136368.2079	COASTER
136371.2976	FEEDBACK
136372.3105	ITI
136372.8234	*****
136372.8245	COASTER
136375.9138	FEEDBACK
136376.9267	ITI
136377.4396	*****
136377.4408	COASTER
136380.5299	FEEDBACK
136381.5428	ITI
136382.0558	*****
136382.057	COASTER
136385.1462	FEEDBACK
136386.159	ITI
136386.672	*****
136386.6732	COASTER
136389.7624	FEEDBACK
136390.7754	ITI
136391.2883	*****
136391.2894	COASTER
136394.3785	FEEDBACK
136395.3916	ITI
136395.9045	*****
136395.9056	COASTER
136398.9782	FEEDBACK
136399.9912	ITI
136400.5036	*****
136400.5047	COASTER
136403.5946	FEEDBACK
136404.6074	ITI
136405.1203	*****
136405.1214	COASTER
136408.2107	FEEDBACK
136409.2236	ITI
136409.7364	*****
136409.7369	COASTER
136412.8096	FEEDBACK
136413.8233	ITI
136414.3361	*****
136414.3367	COASTER
136417.4266	FEEDBACK
136418.4394	ITI
136418.9518	*****
136418.953	COASTER
136422.0427	FEEDBACK
136423.0557	ITI
136423.5685	*****
136423.5697	COASTER
136426.659	FEEDBACK
136427.6719	ITI
136428.1847	*****
136428.1858	COASTER
136431.2751	FEEDBACK
136432.2881	ITI
136432.8001	*****
136432.8016	COASTER
136435.8912	FEEDBACK
136436.9043	ITI
136437.4172	*****
136437.4183	COASTER
136440.5072	FEEDBACK
136441.5205	ITI
136442.0334	*****
136442.0339	COASTER
136445.1229	FEEDBACK
136446.1366	ITI
136446.6496	*****
136446.6501	COASTER
136449.7234	FEEDBACK
136450.7363	ITI
136451.249	*****
136451.2502	COASTER
136454.3395	FEEDBACK
136455.3524	ITI
136455.8655	*****
136455.8666	COASTER
136458.9558	FEEDBACK
136459.9687	ITI
136460.4807	*****
136460.4818	COASTER
136463.569	FEEDBACK
136464.5848	ITI
136465.0978	*****
136465.0984	COASTER
136468.1882	FEEDBACK
136469.2012	ITI
136469.714	*****
136469.7152	COASTER
136472.8044	FEEDBACK
136473.8173	ITI
136474.3303	*****
136474.3308	COASTER
136477.4207	FEEDBACK
136478.4336	ITI
136478.9465	*****
136478.9476	COASTER
136482.0358	FEEDBACK
136483.0496	ITI
136483.5626	*****
136483.5631	COASTER
136486.6365	FEEDBACK
136487.6495	ITI
136488.1622	*****
136488.1628	COASTER
136491.2527	FEEDBACK
136492.2656	ITI
136492.7784	*****
136492.7789	COASTER
136495.8516	FEEDBACK
136496.8652	ITI
136497.3781	*****
136497.3785	COASTER
136500.4685	FEEDBACK
136501.4815	ITI
136501.9943	*****
136501.9955	COASTER
136505.0846	FEEDBACK
136506.0976	ITI
136506.6105	*****
136506.611	COASTER
136509.7009	FEEDBACK
136510.7139	ITI
136511.2267	*****
136511.2272	COASTER
136514.3005	FEEDBACK
136515.3135	ITI
136515.8264	*****
136515.8275	COASTER
136518.9167	FEEDBACK
136519.9297	ITI
136520.4426	*****
136520.4437	COASTER
136523.533	FEEDBACK
136524.5458	ITI
136525.0588	*****
136525.0599	COASTER
136528.1491	FEEDBACK
136529.162	ITI
136529.6749	*****
136529.6754	COASTER
136532.7651	FEEDBACK
136533.7783	ITI
136534.2912	*****
136534.2924	COASTER
136537.3815	FEEDBACK
136538.3945	ITI
136538.9074	*****
136538.908	COASTER
136541.9977	FEEDBACK
136543.0106	ITI
136543.5237	*****
136543.5248	COASTER
136546.6139	FEEDBACK
136547.627	ITI
136548.1398	*****
136548.1404	COASTER
136551.2303	FEEDBACK
136552.2432	ITI
136552.7561	*****
136552.7572	COASTER
136555.8464	FEEDBACK
136556.8594	ITI
136557.3722	*****
136557.3733	COASTER
136560.4627	FEEDBACK
136561.4754	ITI
136561.9885	*****
136561.989	COASTER
136565.0789	FEEDBACK
136566.0918	ITI
136566.6048	*****
136566.6052	COASTER
136569.6786	FEEDBACK
136570.6914	ITI
136571.2043	*****
136571.2053	COASTER
136574.2947	FEEDBACK
136575.3076	ITI
136575.8205	*****
136575.8217	COASTER
136578.9109	FEEDBACK
136579.9239	ITI
136580.4367	*****
136580.4372	COASTER
136583.5271	FEEDBACK
136584.5401	ITI
136585.053	*****
136585.0541	COASTER
136588.1432	FEEDBACK
136589.1563	ITI
136589.6691	*****
136589.6702	COASTER
136592.7588	FEEDBACK
136593.7725	ITI
136594.2847	*****
136594.2857	COASTER
136597.3592	FEEDBACK
136598.372	ITI
136598.885	*****
136598.8855	COASTER
136601.9754	FEEDBACK
136602.9882	ITI
136603.5013	*****
136603.5024	COASTER
136606.5912	FEEDBACK
136607.6045	ITI
136608.1174	*****
136608.1186	COASTER
136611.2078	FEEDBACK
136612.2208	ITI
136612.7335	*****
136612.7341	COASTER
136615.8074	FEEDBACK
136616.8204	ITI
136617.3332	*****
136617.3344	COASTER
136620.4227	FEEDBACK
136621.4366	ITI
136621.9495	*****
136621.9506	COASTER
136625.0398	FEEDBACK
136626.0528	ITI
136626.5656	*****
136626.5661	COASTER
136629.6561	FEEDBACK
136630.669	ITI
136631.1819	*****
136631.1824	COASTER
136634.2722	FEEDBACK
136635.2853	ITI
136635.7981	*****
136635.7993	COASTER
136638.8885	FEEDBACK
136639.9014	ITI
136640.4143	*****
136640.4154	COASTER
136643.5041	FEEDBACK
136644.5176	ITI
136645.0307	*****
136645.0312	COASTER
136648.1201	FEEDBACK
136649.1338	ITI
