48194.8378	WAITING...
48205.0292	START_LOOP
48205.0437	TREE
48206.6084	FEEDBACK_DELAY
48207.6298	FEEDBACK_0
48208.7247	ITI
48209.8122	*** TTL ***
48209.8191	TREE
48210.5583	FEEDBACK_DELAY
48211.5771	FEEDBACK_0
48212.6588	ITI
48213.452	*** TTL ***
48213.458	TREE
48214.2054	FEEDBACK_DELAY
48215.2129	FEEDBACK_1
48216.2953	ITI
48217.1244	*** TTL ***
48217.1267	JITTER
48219.6924	*** TTL ***
48219.6956	TREE
48220.1986	FEEDBACK_DELAY
48221.2075	FEEDBACK_0
48222.2896	ITI
48223.4436	*** TTL ***
48223.447	JITTER
48226.1492	*** TTL ***
48226.1544	TREE
48226.5418	FEEDBACK_DELAY
48227.5502	FEEDBACK_1
