64370.4249	WAITING...
64380.5846	START_LOOP
64380.5883	*****
64380.5886	COASTER
64383.7224	FEEDBACK
64384.7509	ITI
64385.2632	*****
64385.2644	COASTER
64388.3533	FEEDBACK
64389.3665	ITI
64389.8793	*****
64389.8804	COASTER
64392.9697	FEEDBACK
64393.9822	ITI
64394.495	*****
64394.4962	COASTER
64397.5858	FEEDBACK
64398.5988	ITI
64399.1107	*****
64399.1118	COASTER
64402.2021	FEEDBACK
64403.215	ITI
64403.7279	*****
64403.729	COASTER
64406.8182	FEEDBACK
64407.8313	ITI
64408.3441	*****
64408.3453	COASTER
64411.4345	FEEDBACK
64412.4477	ITI
64412.9604	*****
64412.9615	COASTER
64416.051	FEEDBACK
64417.0637	ITI
64417.5766	*****
64417.5772	COASTER
64420.6671	FEEDBACK
64421.68	ITI
64422.1928	*****
64422.1939	COASTER
64425.2832	FEEDBACK
64426.2961	ITI
64426.8091	*****
64426.8095	COASTER
64429.899	FEEDBACK
64430.9124	ITI
64431.4252	*****
64431.4263	COASTER
64434.5156	FEEDBACK
64435.5286	ITI
64436.0417	*****
64436.0429	COASTER
64439.1317	FEEDBACK
64440.1449	ITI
64440.6576	*****
64440.6587	COASTER
64443.7481	FEEDBACK
64444.7611	ITI
64445.2732	*****
64445.2743	COASTER
64448.3644	FEEDBACK
64449.3766	ITI
64449.89	*****
64449.8905	COASTER
64452.9803	FEEDBACK
64453.9926	ITI
64454.5063	*****
64454.5074	COASTER
64457.5966	FEEDBACK
64458.6096	ITI
64459.1226	*****
64459.1237	COASTER
64462.2129	FEEDBACK
64463.2258	ITI
64463.7387	*****
64463.7398	COASTER
64466.8291	FEEDBACK
64467.842	ITI
64468.3549	*****
64468.3561	COASTER
64471.4453	FEEDBACK
64472.4588	ITI
64472.9703	*****
64472.9713	COASTER
64476.0608	FEEDBACK
64477.0747	ITI
64477.5873	*****
64477.5884	COASTER
64480.6777	FEEDBACK
64481.6905	ITI
64482.2037	*****
64482.2048	COASTER
64485.2939	FEEDBACK
64486.3063	ITI
64486.8198	*****
64486.8209	COASTER
64489.9102	FEEDBACK
64490.9231	ITI
64491.436	*****
64491.4372	COASTER
64494.5264	FEEDBACK
64495.5393	ITI
64496.0522	*****
64496.0527	COASTER
64499.1425	FEEDBACK
64500.1556	ITI
64500.6682	*****
64500.6693	COASTER
64503.7587	FEEDBACK
64504.7715	ITI
64505.285	*****
64505.2861	COASTER
64508.375	FEEDBACK
64509.3879	ITI
64509.9002	*****
64509.9007	COASTER
64512.9912	FEEDBACK
64514.0042	ITI
64514.517	*****
64514.5182	COASTER
64517.6076	FEEDBACK
64518.6199	ITI
64519.1332	*****
64519.1343	COASTER
64522.2237	FEEDBACK
64523.2366	ITI
64523.749	*****
64523.7502	COASTER
64526.8388	FEEDBACK
64527.8528	ITI
64528.3657	*****
64528.3668	COASTER
64531.4561	FEEDBACK
64532.469	ITI
64532.9817	*****
64532.9829	COASTER
64536.0558	FEEDBACK
64537.0679	ITI
64537.5816	*****
64537.5827	COASTER
64540.672	FEEDBACK
64541.6849	ITI
64542.1976	*****
64542.1982	COASTER
64545.2882	FEEDBACK
64546.3011	ITI
64546.8139	*****
64546.8151	COASTER
64549.9043	FEEDBACK
64550.9173	ITI
64551.4302	*****
64551.4307	COASTER
64554.5203	FEEDBACK
64555.5332	ITI
64556.0463	*****
64556.0475	COASTER
64559.1367	FEEDBACK
64560.1486	ITI
64560.6627	*****
64560.6638	COASTER
64563.753	FEEDBACK
64564.7651	ITI
64565.2788	*****
64565.2799	COASTER
64568.3526	FEEDBACK
64569.3655	ITI
64569.8784	*****
64569.8795	COASTER
64572.9689	FEEDBACK
64573.9816	ITI
64574.4939	*****
64574.4944	COASTER
64577.585	FEEDBACK
64578.5979	ITI
64579.1107	*****
64579.1118	COASTER
64582.2012	FEEDBACK
64583.2142	ITI
64583.727	*****
64583.7282	COASTER
64586.8174	FEEDBACK
64587.8296	ITI
64588.3432	*****
64588.3444	COASTER
64591.4336	FEEDBACK
64592.4466	ITI
64592.9594	*****
64592.9606	COASTER
64596.05	FEEDBACK
64597.0628	ITI
64597.5757	*****
64597.5768	COASTER
64600.6825	FEEDBACK
64601.6956	ITI
64602.2085	*****
64602.209	COASTER
64605.2989	FEEDBACK
64606.3117	ITI
64606.8248	*****
64606.8259	COASTER
64609.9151	FEEDBACK
64610.9277	ITI
64611.4409	*****
64611.442	COASTER
64614.5313	FEEDBACK
64615.5442	ITI
64616.0571	*****
64616.0582	COASTER
64619.1467	FEEDBACK
64620.1605	ITI
64620.6731	*****
64620.6737	COASTER
64623.7627	FEEDBACK
64624.7767	ITI
64625.2897	*****
64625.2908	COASTER
64628.3799	FEEDBACK
64629.3929	ITI
64629.9059	*****
64629.9063	COASTER
64632.9955	FEEDBACK
64634.0091	ITI
64634.522	*****
64634.5231	COASTER
64637.6124	FEEDBACK
64638.6254	ITI
64639.1382	*****
64639.1393	COASTER
64642.228	FEEDBACK
64643.2406	ITI
64643.7544	*****
64643.7555	COASTER
64646.8447	FEEDBACK
64647.8578	ITI
64648.3706	*****
64648.3717	COASTER
64651.4603	FEEDBACK
64652.4739	ITI
64652.9868	*****
64652.988	COASTER
64656.0773	FEEDBACK
64657.0902	ITI
64657.603	*****
64657.6036	COASTER
64660.6761	FEEDBACK
64661.6897	ITI
64662.2027	*****
64662.2038	COASTER
64665.2922	FEEDBACK
64666.306	ITI
64666.8189	*****
64666.82	COASTER
64669.8926	FEEDBACK
64670.9047	ITI
64671.4187	*****
64671.4198	COASTER
64674.5088	FEEDBACK
64675.5218	ITI
64676.0347	*****
64676.0359	COASTER
64679.1416	FEEDBACK
64680.1547	ITI
64680.6675	*****
64680.6687	COASTER
64683.7579	FEEDBACK
64684.7708	ITI
64685.2838	*****
64685.2849	COASTER
64688.3741	FEEDBACK
64689.387	ITI
64689.8995	*****
64689.9006	COASTER
64692.9737	FEEDBACK
64693.986	ITI
64694.4995	*****
64694.5007	COASTER
64697.59	FEEDBACK
64698.6029	ITI
64699.1157	*****
64699.1162	COASTER
64702.2061	FEEDBACK
64703.2184	ITI
64703.7321	*****
64703.7333	COASTER
64706.8223	FEEDBACK
64707.8352	ITI
64708.3482	*****
64708.3493	COASTER
64711.4385	FEEDBACK
64712.4515	ITI
64712.9646	*****
64712.9657	COASTER
64716.054	FEEDBACK
64717.0672	ITI
64717.5806	*****
64717.5817	COASTER
64720.671	FEEDBACK
64721.6839	ITI
64722.1968	*****
64722.1979	COASTER
64725.2867	FEEDBACK
64726.2994	ITI
64726.8132	*****
64726.8143	COASTER
64729.903	FEEDBACK
64730.9163	ITI
64731.429	*****
64731.4302	COASTER
64734.5196	FEEDBACK
64735.5326	ITI
64736.0455	*****
64736.0467	COASTER
64739.1358	FEEDBACK
64740.1487	ITI
64740.6617	*****
64740.6628	COASTER
64743.7521	FEEDBACK
64744.765	ITI
64745.2779	*****
64745.2784	COASTER
64748.3683	FEEDBACK
64749.381	ITI
64749.8941	*****
64749.8952	COASTER
64752.9843	FEEDBACK
64753.9974	ITI
64754.5102	*****
64754.5107	COASTER
64757.6007	FEEDBACK
64758.6136	ITI
64759.1265	*****
64759.1276	COASTER
64762.2169	FEEDBACK
64763.2294	ITI
64763.7429	*****
64763.744	COASTER
64766.8331	FEEDBACK
64767.8457	ITI
64768.3591	*****
64768.3602	COASTER
64771.4486	FEEDBACK
64772.4623	ITI
64772.9752	*****
64772.9763	COASTER
64776.0657	FEEDBACK
64777.0785	ITI
64777.5916	*****
64777.5921	COASTER
64780.6816	FEEDBACK
64781.6948	ITI
64782.2076	*****
64782.2087	COASTER
64785.2981	FEEDBACK
64786.3109	ITI
64786.8238	*****
64786.825	COASTER
64789.9143	FEEDBACK
64790.9273	ITI
64791.44	*****
64791.4411	COASTER
64794.5304	FEEDBACK
64795.5434	ITI
64796.0562	*****
64796.0574	COASTER
64799.1466	FEEDBACK
64800.1596	ITI
64800.6722	*****
64800.6727	COASTER
64803.7621	FEEDBACK
64804.776	ITI
64805.2886	*****
64805.2898	COASTER
64808.379	FEEDBACK
64809.3921	ITI
64809.9044	*****
64809.9056	COASTER
64812.9786	FEEDBACK
64813.9916	ITI
64814.5045	*****
64814.5056	COASTER
64817.5948	FEEDBACK
64818.6078	ITI
64819.1207	*****
64819.1213	COASTER
64822.211	FEEDBACK
64823.2239	ITI
64823.7368	*****
64823.7373	COASTER
64826.8273	FEEDBACK
64827.8402	ITI
64828.3531	*****
64828.3542	COASTER
64831.4435	FEEDBACK
64832.4564	ITI
64832.9692	*****
64832.9698	COASTER
64836.0432	FEEDBACK
64837.0561	ITI
64837.5689	*****
64837.5706	COASTER
64840.6593	FEEDBACK
64841.6722	ITI
64842.1852	*****
64842.1863	COASTER
64845.2756	FEEDBACK
64846.2885	ITI
64846.8013	*****
64846.8025	COASTER
64849.8916	FEEDBACK
64850.9047	ITI
64851.4176	*****
64851.4187	COASTER
64854.5079	FEEDBACK
64855.5209	ITI
64856.0337	*****
64856.0342	COASTER
64859.1243	FEEDBACK
64860.1371	ITI
64860.6491	*****
64860.6502	COASTER
64863.7404	FEEDBACK
64864.7533	ITI
64865.2656	*****
64865.2667	COASTER
64868.3566	FEEDBACK
64869.3695	ITI
64869.8824	*****
64869.8836	COASTER
64872.9728	FEEDBACK
64873.9858	ITI
64874.4987	*****
64874.4992	COASTER
64877.589	FEEDBACK
64878.602	ITI
64879.1148	*****
64879.1154	COASTER
64882.2045	FEEDBACK
64883.2182	ITI
64883.7311	*****
64883.7322	COASTER
64886.8206	FEEDBACK
64887.8339	ITI
64888.3473	*****
64888.3485	COASTER
64891.4378	FEEDBACK
64892.4497	ITI
64892.9636	*****
64892.9648	COASTER
64896.0539	FEEDBACK
64897.0666	ITI
64897.5793	*****
64897.5804	COASTER
64900.6701	FEEDBACK
64901.683	ITI
64902.1959	*****
64902.1963	COASTER
64905.2863	FEEDBACK
64906.2993	ITI
64906.8121	*****
64906.8132	COASTER
64909.9025	FEEDBACK
64910.9155	ITI
64911.4275	*****
64911.4288	COASTER
64914.5188	FEEDBACK
64915.5317	ITI
64916.0437	*****
64916.0448	COASTER
64919.1349	FEEDBACK
64920.1479	ITI
64920.6607	*****
64920.6619	COASTER
64923.7512	FEEDBACK
64924.7641	ITI
64925.277	*****
64925.2782	COASTER
64928.3838	FEEDBACK
64929.397	ITI
64929.9098	*****
64929.9109	COASTER
64932.9993	FEEDBACK
64934.013	ITI
64934.5261	*****
64934.5272	COASTER
64937.6164	FEEDBACK
64938.6293	ITI
64939.1422	*****
64939.1433	COASTER
64942.2326	FEEDBACK
64943.2455	ITI
64943.7584	*****
64943.7596	COASTER
64946.849	FEEDBACK
64947.861	ITI
64948.3749	*****
64948.376	COASTER
64951.4643	FEEDBACK
64952.478	ITI
64952.9909	*****
64952.992	COASTER
64956.064	FEEDBACK
64957.0776	ITI
64957.5905	*****
64957.591	COASTER
64960.6808	FEEDBACK
64961.6938	ITI
